<?xml version="1.0" encoding="UTF-8"?>
<!-- Generated by org.testng.reporters.JUnitReportReporter -->
<testsuite hostname="LAPTOP-2HBGTA78" failures="0" tests="5" name="com.amexfr.pages.AmexUI" time="13.483" errors="0" timestamp="2025-02-11T23:20:11 IST" skipped="0">
  <testcase classname="com.amexfr.pages.AmexUI" name="openHomePage" time="2.748"/>
  <system-out/>
  <testcase classname="com.amexfr.pages.AmexUI" name="clickCartesAmericanExpress" time="3.704"/>
  <system-out/>
  <testcase classname="com.amexfr.pages.AmexUI" name="openAllCardsPage" time="1.676"/>
  <system-out/>
  <testcase classname="com.amexfr.pages.AmexUI" name="openGoldCardDescriptionPage" time="3.179"/>
  <system-out/>
  <testcase classname="com.amexfr.pages.AmexUI" name="fillUserDetails" time="2.176"/>
  <system-out/>
</testsuite> <!-- com.amexfr.pages.AmexUI -->
