<?xml version="1.0" encoding="UTF-8"?>
<!-- Generated by org.testng.reporters.JUnitReportReporter -->
<testsuite hostname="LAPTOP-2HBGTA78" failures="0" tests="5" name="AmexUI" time="11.717" errors="0" timestamp="2025-02-11T22:46:46 IST" skipped="0">
  <testcase classname="AmexUI" name="openHomePage" time="2.734"/>
  <system-out/>
  <testcase classname="AmexUI" name="clickCartesAmericanExpress" time="3.305"/>
  <system-out/>
  <testcase classname="AmexUI" name="openAllCardsPage" time="1.618"/>
  <system-out/>
  <testcase classname="AmexUI" name="openGoldCardDescriptionPage" time="1.840"/>
  <system-out/>
  <testcase classname="AmexUI" name="fillUserDetails" time="2.220"/>
  <system-out/>
</testsuite> <!-- AmexUI -->
