<?xml version="1.0" encoding="UTF-8"?>
<!-- Generated by org.testng.reporters.JUnitXMLReporter -->
<testsuite ignored="0" hostname="LAPTOP-2HBGTA78" failures="0" tests="5" name="Default test" time="16.423" errors="0" timestamp="2025-02-11T23:20:11 IST">
  <testcase classname="com.amexfr.pages.AmexUI" name="openHomePage" time="2.748"/>
  <testcase classname="com.amexfr.pages.AmexUI" name="clickCartesAmericanExpress" time="3.704"/>
  <testcase classname="com.amexfr.pages.AmexUI" name="openAllCardsPage" time="1.676"/>
  <testcase classname="com.amexfr.pages.AmexUI" name="openGoldCardDescriptionPage" time="3.179"/>
  <testcase classname="com.amexfr.pages.AmexUI" name="fillUserDetails" time="2.176"/>
</testsuite> <!-- Default test -->
