<?xml version="1.0" encoding="UTF-8"?>
<testng-results ignored="0" total="5" passed="5" failed="0" skipped="0">
  <reporter-output>
  </reporter-output>
  <suite started-at="2025-02-11T23:19:54 IST" name="Default suite" finished-at="2025-02-11T23:20:11 IST" duration-ms="16423">
    <groups>
    </groups>
    <test started-at="2025-02-11T23:19:54 IST" name="Default test" finished-at="2025-02-11T23:20:11 IST" duration-ms="16423">
      <class name="com.amexfr.pages.AmexUI">
        <test-method is-config="true" signature="setUp()[pri:0, instance:com.amexfr.pages.AmexUI@1dde4cb2]" started-at="2025-02-11T23:19:54 IST" name="setUp" finished-at="2025-02-11T23:19:56 IST" duration-ms="1545" status="PASS">
          <reporter-output>
          </reporter-output>
        </test-method> <!-- setUp -->
        <test-method signature="openHomePage()[pri:1, instance:com.amexfr.pages.AmexUI@1dde4cb2]" started-at="2025-02-11T23:19:56 IST" name="openHomePage" finished-at="2025-02-11T23:19:59 IST" duration-ms="2748" status="PASS">
          <reporter-output>
          </reporter-output>
        </test-method> <!-- openHomePage -->
        <test-method signature="clickCartesAmericanExpress()[pri:3, instance:com.amexfr.pages.AmexUI@1dde4cb2]" started-at="2025-02-11T23:19:59 IST" name="clickCartesAmericanExpress" finished-at="2025-02-11T23:20:02 IST" duration-ms="3704" status="PASS">
          <reporter-output>
          </reporter-output>
        </test-method> <!-- clickCartesAmericanExpress -->
        <test-method signature="openAllCardsPage()[pri:4, instance:com.amexfr.pages.AmexUI@1dde4cb2]" started-at="2025-02-11T23:20:02 IST" name="openAllCardsPage" finished-at="2025-02-11T23:20:04 IST" duration-ms="1676" status="PASS">
          <reporter-output>
          </reporter-output>
        </test-method> <!-- openAllCardsPage -->
        <test-method signature="openGoldCardDescriptionPage()[pri:5, instance:com.amexfr.pages.AmexUI@1dde4cb2]" started-at="2025-02-11T23:20:04 IST" name="openGoldCardDescriptionPage" finished-at="2025-02-11T23:20:07 IST" duration-ms="3179" status="PASS">
          <reporter-output>
          </reporter-output>
        </test-method> <!-- openGoldCardDescriptionPage -->
        <test-method signature="fillUserDetails()[pri:6, instance:com.amexfr.pages.AmexUI@1dde4cb2]" started-at="2025-02-11T23:20:07 IST" name="fillUserDetails" finished-at="2025-02-11T23:20:09 IST" duration-ms="2176" status="PASS">
          <reporter-output>
          </reporter-output>
        </test-method> <!-- fillUserDetails -->
        <test-method is-config="true" signature="tearDown()[pri:0, instance:com.amexfr.pages.AmexUI@1dde4cb2]" started-at="2025-02-11T23:20:09 IST" name="tearDown" finished-at="2025-02-11T23:20:11 IST" duration-ms="1340" status="PASS">
          <reporter-output>
          </reporter-output>
        </test-method> <!-- tearDown -->
      </class> <!-- com.amexfr.pages.AmexUI -->
    </test> <!-- Default test -->
  </suite> <!-- Default suite -->
</testng-results>
